2025-09-27 12:17:02 -07:00: [000057f2902d5380] dbus interface error: Failed to connect to the D-Bus session daemon: Failed to connect to socket /run/user/1000/bus: No such file or directory
2025-09-27 12:17:02 -07:00: [000057f2902d5380] main interface error: no suitable interface module
2025-09-27 12:17:02 -07:00: [000057f29023b260] main libvlc error: interface "dbus,none" initialization failed
2025-09-27 12:17:02 -07:00: [000057f2902d5380] [http] lua interface: Lua HTTP interface
2025-09-27 12:17:02 -07:00: [000057f2902d5380] [http] main interface error: socket bind error: Address already in use
2025-09-27 12:17:02 -07:00: [000057f2902d5380] [http] main interface error: cannot create socket(s) for HTTP host
2025-09-27 12:17:02 -07:00: [000057f2902d5380] [http] lua interface error: Error loading script /usr/lib/x86_64-linux-gnu/vlc/lua/intf/http.luac: lua/intf/http.lua:338: Failed to create HTTP host
2025-09-27 12:17:02 -07:00: QStandardPaths: wrong permissions on runtime directory /run/user/1000/, 0755 instead of 0700
2025-09-27 12:17:02 -07:00: [000057f2902d1940] main playlist: playlist is empty
2025-09-27 12:21:26 -07:00: [00005b24f4341380] dbus interface error: Failed to connect to the D-Bus session daemon: Failed to connect to socket /run/user/1000/bus: No such file or directory
2025-09-27 12:21:26 -07:00: [00005b24f4341380] main interface error: no suitable interface module
2025-09-27 12:21:26 -07:00: [00005b24f42a7260] main libvlc error: interface "dbus,none" initialization failed
2025-09-27 12:21:26 -07:00: [00005b24f4341380] [http] lua interface: Lua HTTP interface
2025-09-27 12:21:26 -07:00: QStandardPaths: wrong permissions on runtime directory /run/user/1000/, 0755 instead of 0700
2025-09-27 12:21:26 -07:00: [00005b24f433d940] main playlist: playlist is empty
2025-09-27 12:21:32 -07:00: [000057a701a3c380] dbus interface error: Failed to connect to the D-Bus session daemon: Failed to connect to socket /run/user/1000/bus: No such file or directory
2025-09-27 12:21:32 -07:00: [000057a701a3c380] main interface error: no suitable interface module
2025-09-27 12:21:32 -07:00: [000057a7019a2260] main libvlc error: interface "dbus,none" initialization failed
2025-09-27 12:21:32 -07:00: [000057a701a3c380] [http] lua interface: Lua HTTP interface
2025-09-27 12:21:32 -07:00: QStandardPaths: wrong permissions on runtime directory /run/user/1000/, 0755 instead of 0700
2025-09-27 12:21:32 -07:00: [000057a701a38940] main playlist: playlist is empty
2025-09-27 12:21:44 -07:00: [00007fa9c0001b10] filesystem stream error: cannot open file /home/spide/projects/AboutLastNight/ALN-Ecosystem/backend/file%3A%2F%2F%2Fhome%2Fspide%2Fprojects%2FAboutLastNight%2FALN-Ecosystem%2Fbackend%2Fpublic%2Fvideos%2Ftest_30sec.mp4 (No such file or directory)
2025-09-27 12:22:34 -07:00: [00007fa9fc084de0] dbus_screensaver inhibit error: cannot connect to session bus: Failed to connect to socket /run/user/1000/bus: No such file or directory
2025-09-27 12:22:35 -07:00: [00007fa9cc0058f0] gl gl: Initialized libplacebo v4.192.1 (API v192)
2025-09-27 12:22:35 -07:00: [00007fa9ccbdba20] gl gl: Initialized libplacebo v4.192.1 (API v192)
2025-09-27 12:22:35 -07:00: Failed to open VDPAU backend libvdpau_nvidia.so: cannot open shared object file: No such file or directory
2025-09-27 12:22:35 -07:00: Failed to open VDPAU backend libvdpau_nvidia.so: cannot open shared object file: No such file or directory
2025-09-27 12:22:35 -07:00: [00007fa9cc79eb20] gl gl: Initialized libplacebo v4.192.1 (API v192)
2025-09-27 13:04:53 -07:00: [00005de242c02380] dbus interface error: Failed to connect to the D-Bus session daemon: Failed to connect to socket /run/user/1000/bus: No such file or directory
2025-09-27 13:04:53 -07:00: [00005de242c02380] main interface error: no suitable interface module
2025-09-27 13:04:53 -07:00: [00005de242b68260] main libvlc error: interface "dbus,none" initialization failed
2025-09-27 13:04:53 -07:00: [00005de242c02380] [http] lua interface: Lua HTTP interface
2025-09-27 13:04:53 -07:00: QStandardPaths: wrong permissions on runtime directory /run/user/1000/, 0755 instead of 0700
2025-09-27 13:04:54 -07:00: [00005de242bfe940] main playlist: playlist is empty
